{"C:\\Users\\lucas\\Desktop\\fiap-g57-hackaton\\services\\api-gateway\\server.js": {"path":"C:\\Users\\lucas\\Desktop\\fiap-g57-hackaton\\services\\api-gateway\\server.js","statementMap":{"0":{"start":{"line":1,"column":0},"end":{"line":1,"column":27}},"1":{"start":{"line":2,"column":16},"end":{"line":2,"column":34}},"2":{"start":{"line":3,"column":13},"end":{"line":3,"column":28}},"3":{"start":{"line":4,"column":15},"end":{"line":4,"column":32}},"4":{"start":{"line":5,"column":15},"end":{"line":5,"column":32}},"5":{"start":{"line":6,"column":18},"end":{"line":6,"column":47}},"6":{"start":{"line":7,"column":34},"end":{"line":7,"column":66}},"7":{"start":{"line":8,"column":16},"end":{"line":8,"column":34}},"8":{"start":{"line":10,"column":15},"end":{"line":24,"column":2}},"9":{"start":{"line":26,"column":12},"end":{"line":26,"column":21}},"10":{"start":{"line":27,"column":13},"end":{"line":27,"column":37}},"11":{"start":{"line":29,"column":0},"end":{"line":29,"column":18}},"12":{"start":{"line":30,"column":0},"end":{"line":30,"column":16}},"13":{"start":{"line":31,"column":0},"end":{"line":31,"column":91}},"14":{"start":{"line":31,"column":57},"end":{"line":31,"column":84}},"15":{"start":{"line":35,"column":0},"end":{"line":46,"column":1}},"16":{"start":{"line":36,"column":2},"end":{"line":42,"column":5}},"17":{"start":{"line":43,"column":2},"end":{"line":43,"column":19}},"18":{"start":{"line":45,"column":2},"end":{"line":45,"column":73}},"19":{"start":{"line":48,"column":0},"end":{"line":55,"column":3}},"20":{"start":{"line":49,"column":2},"end":{"line":54,"column":5}},"21":{"start":{"line":57,"column":0},"end":{"line":59,"column":3}},"22":{"start":{"line":58,"column":2},"end":{"line":58,"column":29}},"23":{"start":{"line":61,"column":0},"end":{"line":63,"column":3}},"24":{"start":{"line":62,"column":2},"end":{"line":62,"column":32}},"25":{"start":{"line":65,"column":15},"end":{"line":65,"column":37}},"26":{"start":{"line":66,"column":30},"end":{"line":66,"column":58}},"27":{"start":{"line":67,"column":0},"end":{"line":67,"column":53}},"28":{"start":{"line":69,"column":40},"end":{"line":74,"column":2}},"29":{"start":{"line":76,"column":26},"end":{"line":80,"column":2}},"30":{"start":{"line":82,"column":0},"end":{"line":85,"column":3}},"31":{"start":{"line":83,"column":2},"end":{"line":83,"column":55}},"32":{"start":{"line":84,"column":2},"end":{"line":84,"column":44}},"33":{"start":{"line":87,"column":0},"end":{"line":109,"column":3}},"34":{"start":{"line":88,"column":2},"end":{"line":88,"column":45}},"35":{"start":{"line":88,"column":31},"end":{"line":88,"column":45}},"36":{"start":{"line":90,"column":16},"end":{"line":90,"column":32}},"37":{"start":{"line":91,"column":2},"end":{"line":107,"column":5}},"38":{"start":{"line":92,"column":26},"end":{"line":92,"column":47}},"39":{"start":{"line":93,"column":28},"end":{"line":93,"column":77}},"40":{"start":{"line":94,"column":18},"end":{"line":94,"column":26}},"41":{"start":{"line":96,"column":4},"end":{"line":100,"column":7}},"42":{"start":{"line":102,"column":4},"end":{"line":106,"column":24}},"43":{"start":{"line":108,"column":2},"end":{"line":108,"column":9}},"44":{"start":{"line":111,"column":23},"end":{"line":111,"column":51}},"45":{"start":{"line":113,"column":25},"end":{"line":113,"column":80}},"46":{"start":{"line":114,"column":26},"end":{"line":114,"column":82}},"47":{"start":{"line":115,"column":27},"end":{"line":115,"column":84}},"48":{"start":{"line":117,"column":21},"end":{"line":138,"column":1}},"49":{"start":{"line":124,"column":22},"end":{"line":124,"column":72}},"50":{"start":{"line":125,"column":4},"end":{"line":125,"column":50}},"51":{"start":{"line":126,"column":4},"end":{"line":126,"column":83}},"52":{"start":{"line":129,"column":4},"end":{"line":129,"column":91}},"53":{"start":{"line":132,"column":4},"end":{"line":132,"column":48}},"54":{"start":{"line":133,"column":4},"end":{"line":136,"column":7}},"55":{"start":{"line":140,"column":0},"end":{"line":143,"column":4}},"56":{"start":{"line":145,"column":0},"end":{"line":148,"column":4}},"57":{"start":{"line":150,"column":0},"end":{"line":153,"column":4}},"58":{"start":{"line":155,"column":0},"end":{"line":158,"column":4}},"59":{"start":{"line":160,"column":0},"end":{"line":163,"column":4}},"60":{"start":{"line":165,"column":0},"end":{"line":170,"column":3}},"61":{"start":{"line":166,"column":2},"end":{"line":169,"column":5}},"62":{"start":{"line":172,"column":0},"end":{"line":178,"column":3}},"63":{"start":{"line":173,"column":2},"end":{"line":173,"column":62}},"64":{"start":{"line":174,"column":2},"end":{"line":177,"column":5}},"65":{"start":{"line":182,"column":0},"end":{"line":190,"column":1}},"66":{"start":{"line":183,"column":2},"end":{"line":189,"column":5}},"67":{"start":{"line":184,"column":4},"end":{"line":184,"column":57}},"68":{"start":{"line":185,"column":4},"end":{"line":185,"column":73}},"69":{"start":{"line":186,"column":4},"end":{"line":186,"column":53}},"70":{"start":{"line":187,"column":4},"end":{"line":187,"column":55}},"71":{"start":{"line":188,"column":4},"end":{"line":188,"column":57}},"72":{"start":{"line":192,"column":0},"end":{"line":202,"column":3}},"73":{"start":{"line":193,"column":2},"end":{"line":193,"column":62}},"74":{"start":{"line":194,"column":2},"end":{"line":201,"column":3}},"75":{"start":{"line":195,"column":4},"end":{"line":198,"column":7}},"76":{"start":{"line":196,"column":6},"end":{"line":196,"column":40}},"77":{"start":{"line":197,"column":6},"end":{"line":197,"column":22}},"78":{"start":{"line":200,"column":4},"end":{"line":200,"column":20}},"79":{"start":{"line":205,"column":2},"end":{"line":205,"column":68}},"80":{"start":{"line":208,"column":0},"end":{"line":208,"column":21}}},"fnMap":{"0":{"name":"(anonymous_0)","decl":{"start":{"line":31,"column":46},"end":{"line":31,"column":47}},"loc":{"start":{"line":31,"column":57},"end":{"line":31,"column":84}},"line":31},"1":{"name":"(anonymous_1)","decl":{"start":{"line":48,"column":19},"end":{"line":48,"column":20}},"loc":{"start":{"line":48,"column":33},"end":{"line":55,"column":1}},"line":48},"2":{"name":"(anonymous_2)","decl":{"start":{"line":57,"column":24},"end":{"line":57,"column":25}},"loc":{"start":{"line":57,"column":38},"end":{"line":59,"column":1}},"line":57},"3":{"name":"(anonymous_3)","decl":{"start":{"line":61,"column":25},"end":{"line":61,"column":26}},"loc":{"start":{"line":61,"column":39},"end":{"line":63,"column":1}},"line":61},"4":{"name":"(anonymous_4)","decl":{"start":{"line":82,"column":20},"end":{"line":82,"column":21}},"loc":{"start":{"line":82,"column":40},"end":{"line":85,"column":1}},"line":82},"5":{"name":"(anonymous_5)","decl":{"start":{"line":87,"column":8},"end":{"line":87,"column":9}},"loc":{"start":{"line":87,"column":28},"end":{"line":109,"column":1}},"line":87},"6":{"name":"(anonymous_6)","decl":{"start":{"line":91,"column":19},"end":{"line":91,"column":20}},"loc":{"start":{"line":91,"column":25},"end":{"line":107,"column":3}},"line":91},"7":{"name":"(anonymous_7)","decl":{"start":{"line":122,"column":78},"end":{"line":122,"column":79}},"loc":{"start":{"line":122,"column":102},"end":{"line":127,"column":3}},"line":122},"8":{"name":"(anonymous_8)","decl":{"start":{"line":128,"column":14},"end":{"line":128,"column":15}},"loc":{"start":{"line":128,"column":38},"end":{"line":130,"column":3}},"line":128},"9":{"name":"(anonymous_9)","decl":{"start":{"line":131,"column":11},"end":{"line":131,"column":12}},"loc":{"start":{"line":131,"column":30},"end":{"line":137,"column":3}},"line":131},"10":{"name":"(anonymous_10)","decl":{"start":{"line":165,"column":8},"end":{"line":165,"column":9}},"loc":{"start":{"line":165,"column":22},"end":{"line":170,"column":1}},"line":165},"11":{"name":"(anonymous_11)","decl":{"start":{"line":172,"column":8},"end":{"line":172,"column":9}},"loc":{"start":{"line":172,"column":33},"end":{"line":178,"column":1}},"line":172},"12":{"name":"(anonymous_12)","decl":{"start":{"line":183,"column":28},"end":{"line":183,"column":29}},"loc":{"start":{"line":183,"column":34},"end":{"line":189,"column":3}},"line":183},"13":{"name":"(anonymous_13)","decl":{"start":{"line":192,"column":22},"end":{"line":192,"column":23}},"loc":{"start":{"line":192,"column":28},"end":{"line":202,"column":1}},"line":192},"14":{"name":"(anonymous_14)","decl":{"start":{"line":195,"column":17},"end":{"line":195,"column":18}},"loc":{"start":{"line":195,"column":23},"end":{"line":198,"column":5}},"line":195},"15":{"name":"generateRequestId","decl":{"start":{"line":204,"column":9},"end":{"line":204,"column":26}},"loc":{"start":{"line":204,"column":29},"end":{"line":206,"column":1}},"line":204}},"branchMap":{"0":{"loc":{"start":{"line":27,"column":13},"end":{"line":27,"column":37}},"type":"binary-expr","locations":[{"start":{"line":27,"column":13},"end":{"line":27,"column":29}},{"start":{"line":27,"column":33},"end":{"line":27,"column":37}}],"line":27},"1":{"loc":{"start":{"line":35,"column":0},"end":{"line":46,"column":1}},"type":"if","locations":[{"start":{"line":35,"column":0},"end":{"line":46,"column":1}},{"start":{"line":44,"column":7},"end":{"line":46,"column":1}}],"line":35},"2":{"loc":{"start":{"line":35,"column":4},"end":{"line":35,"column":74}},"type":"binary-expr","locations":[{"start":{"line":35,"column":4},"end":{"line":35,"column":35}},{"start":{"line":35,"column":39},"end":{"line":35,"column":74}}],"line":35},"3":{"loc":{"start":{"line":37,"column":14},"end":{"line":37,"column":65}},"type":"binary-expr","locations":[{"start":{"line":37,"column":14},"end":{"line":37,"column":56}},{"start":{"line":37,"column":60},"end":{"line":37,"column":65}}],"line":37},"4":{"loc":{"start":{"line":38,"column":9},"end":{"line":38,"column":61}},"type":"binary-expr","locations":[{"start":{"line":38,"column":9},"end":{"line":38,"column":54}},{"start":{"line":38,"column":58},"end":{"line":38,"column":61}}],"line":38},"5":{"loc":{"start":{"line":88,"column":2},"end":{"line":88,"column":45}},"type":"if","locations":[{"start":{"line":88,"column":2},"end":{"line":88,"column":45}},{"start":{},"end":{}}],"line":88},"6":{"loc":{"start":{"line":113,"column":25},"end":{"line":113,"column":80}},"type":"binary-expr","locations":[{"start":{"line":113,"column":25},"end":{"line":113,"column":53}},{"start":{"line":113,"column":57},"end":{"line":113,"column":80}}],"line":113},"7":{"loc":{"start":{"line":114,"column":26},"end":{"line":114,"column":82}},"type":"binary-expr","locations":[{"start":{"line":114,"column":26},"end":{"line":114,"column":55}},{"start":{"line":114,"column":59},"end":{"line":114,"column":82}}],"line":114},"8":{"loc":{"start":{"line":115,"column":27},"end":{"line":115,"column":84}},"type":"binary-expr","locations":[{"start":{"line":115,"column":27},"end":{"line":115,"column":57}},{"start":{"line":115,"column":61},"end":{"line":115,"column":84}}],"line":115},"9":{"loc":{"start":{"line":121,"column":31},"end":{"line":121,"column":78}},"type":"binary-expr","locations":[{"start":{"line":121,"column":31},"end":{"line":121,"column":69}},{"start":{"line":121,"column":73},"end":{"line":121,"column":78}}],"line":121},"10":{"loc":{"start":{"line":122,"column":16},"end":{"line":122,"column":63}},"type":"binary-expr","locations":[{"start":{"line":122,"column":16},"end":{"line":122,"column":54}},{"start":{"line":122,"column":58},"end":{"line":122,"column":63}}],"line":122},"11":{"loc":{"start":{"line":124,"column":22},"end":{"line":124,"column":72}},"type":"binary-expr","locations":[{"start":{"line":124,"column":22},"end":{"line":124,"column":49}},{"start":{"line":124,"column":53},"end":{"line":124,"column":72}}],"line":124},"12":{"loc":{"start":{"line":174,"column":13},"end":{"line":174,"column":30}},"type":"binary-expr","locations":[{"start":{"line":174,"column":13},"end":{"line":174,"column":23}},{"start":{"line":174,"column":27},"end":{"line":174,"column":30}}],"line":174},"13":{"loc":{"start":{"line":176,"column":13},"end":{"line":176,"column":86}},"type":"cond-expr","locations":[{"start":{"line":176,"column":53},"end":{"line":176,"column":72}},{"start":{"line":176,"column":75},"end":{"line":176,"column":86}}],"line":176},"14":{"loc":{"start":{"line":182,"column":0},"end":{"line":190,"column":1}},"type":"if","locations":[{"start":{"line":182,"column":0},"end":{"line":190,"column":1}},{"start":{},"end":{}}],"line":182},"15":{"loc":{"start":{"line":185,"column":32},"end":{"line":185,"column":69}},"type":"binary-expr","locations":[{"start":{"line":185,"column":32},"end":{"line":185,"column":52}},{"start":{"line":185,"column":56},"end":{"line":185,"column":69}}],"line":185},"16":{"loc":{"start":{"line":194,"column":2},"end":{"line":201,"column":3}},"type":"if","locations":[{"start":{"line":194,"column":2},"end":{"line":201,"column":3}},{"start":{"line":199,"column":9},"end":{"line":201,"column":3}}],"line":194}},"s":{"0":1,"1":1,"2":1,"3":1,"4":1,"5":1,"6":1,"7":1,"8":1,"9":1,"10":1,"11":1,"12":1,"13":1,"14":6,"15":1,"16":1,"17":1,"18":0,"19":1,"20":1,"21":1,"22":0,"23":1,"24":0,"25":1,"26":1,"27":1,"28":1,"29":1,"30":1,"31":1,"32":1,"33":1,"34":4,"35":0,"36":4,"37":4,"38":4,"39":4,"40":4,"41":4,"42":4,"43":4,"44":1,"45":1,"46":1,"47":1,"48":1,"49":1,"50":1,"51":1,"52":1,"53":1,"54":1,"55":1,"56":1,"57":1,"58":1,"59":1,"60":1,"61":1,"62":1,"63":2,"64":2,"65":1,"66":0,"67":0,"68":0,"69":0,"70":0,"71":0,"72":1,"73":0,"74":0,"75":0,"76":0,"77":0,"78":0,"79":1,"80":1},"f":{"0":6,"1":1,"2":0,"3":0,"4":1,"5":4,"6":4,"7":1,"8":1,"9":1,"10":1,"11":2,"12":0,"13":0,"14":0,"15":1},"b":{"0":[1,1],"1":[1,0],"2":[1,1],"3":[1,1],"4":[1,1],"5":[0,4],"6":[1,1],"7":[1,1],"8":[1,1],"9":[1,1],"10":[1,1],"11":[1,1],"12":[2,1],"13":[1,1],"14":[0,1],"15":[0,0],"16":[0,0]},"_coverageSchema":"1a1c01bbd47fc00a2c39e90264f33305004495a9","hash":"ecccc42ae75b8153b6596e9606d56d2847af1b74"}
,"C:\\Users\\lucas\\Desktop\\fiap-g57-hackaton\\services\\api-gateway\\middleware\\auth.js": {"path":"C:\\Users\\lucas\\Desktop\\fiap-g57-hackaton\\services\\api-gateway\\middleware\\auth.js","statementMap":{"0":{"start":{"line":1,"column":12},"end":{"line":1,"column":35}},"1":{"start":{"line":4,"column":19},"end":{"line":4,"column":83}},"2":{"start":{"line":6,"column":23},"end":{"line":60,"column":1}},"3":{"start":{"line":7,"column":4},"end":{"line":59,"column":5}},"4":{"start":{"line":8,"column":27},"end":{"line":8,"column":52}},"5":{"start":{"line":10,"column":8},"end":{"line":15,"column":9}},"6":{"start":{"line":11,"column":12},"end":{"line":14,"column":15}},"7":{"start":{"line":17,"column":22},"end":{"line":17,"column":43}},"8":{"start":{"line":19,"column":8},"end":{"line":24,"column":9}},"9":{"start":{"line":20,"column":12},"end":{"line":23,"column":15}},"10":{"start":{"line":26,"column":22},"end":{"line":26,"column":30}},"11":{"start":{"line":28,"column":24},"end":{"line":28,"column":53}},"12":{"start":{"line":30,"column":8},"end":{"line":34,"column":10}},"13":{"start":{"line":36,"column":8},"end":{"line":36,"column":47}},"14":{"start":{"line":37,"column":8},"end":{"line":37,"column":51}},"15":{"start":{"line":39,"column":8},"end":{"line":39,"column":15}},"16":{"start":{"line":41,"column":8},"end":{"line":46,"column":9}},"17":{"start":{"line":42,"column":12},"end":{"line":45,"column":15}},"18":{"start":{"line":48,"column":8},"end":{"line":53,"column":9}},"19":{"start":{"line":49,"column":12},"end":{"line":52,"column":15}},"20":{"start":{"line":55,"column":8},"end":{"line":58,"column":11}},"21":{"start":{"line":62,"column":0},"end":{"line":62,"column":32}}},"fnMap":{"0":{"name":"(anonymous_0)","decl":{"start":{"line":6,"column":23},"end":{"line":6,"column":24}},"loc":{"start":{"line":6,"column":43},"end":{"line":60,"column":1}},"line":6}},"branchMap":{"0":{"loc":{"start":{"line":4,"column":19},"end":{"line":4,"column":83}},"type":"binary-expr","locations":[{"start":{"line":4,"column":19},"end":{"line":4,"column":41}},{"start":{"line":4,"column":45},"end":{"line":4,"column":83}}],"line":4},"1":{"loc":{"start":{"line":10,"column":8},"end":{"line":15,"column":9}},"type":"if","locations":[{"start":{"line":10,"column":8},"end":{"line":15,"column":9}},{"start":{},"end":{}}],"line":10},"2":{"loc":{"start":{"line":19,"column":8},"end":{"line":24,"column":9}},"type":"if","locations":[{"start":{"line":19,"column":8},"end":{"line":24,"column":9}},{"start":{},"end":{}}],"line":19},"3":{"loc":{"start":{"line":19,"column":12},"end":{"line":19,"column":55}},"type":"binary-expr","locations":[{"start":{"line":19,"column":12},"end":{"line":19,"column":30}},{"start":{"line":19,"column":34},"end":{"line":19,"column":55}}],"line":19},"4":{"loc":{"start":{"line":31,"column":16},"end":{"line":31,"column":46}},"type":"binary-expr","locations":[{"start":{"line":31,"column":16},"end":{"line":31,"column":31}},{"start":{"line":31,"column":35},"end":{"line":31,"column":46}}],"line":31},"5":{"loc":{"start":{"line":33,"column":18},"end":{"line":33,"column":40}},"type":"binary-expr","locations":[{"start":{"line":33,"column":18},"end":{"line":33,"column":30}},{"start":{"line":33,"column":34},"end":{"line":33,"column":40}}],"line":33},"6":{"loc":{"start":{"line":41,"column":8},"end":{"line":46,"column":9}},"type":"if","locations":[{"start":{"line":41,"column":8},"end":{"line":46,"column":9}},{"start":{},"end":{}}],"line":41},"7":{"loc":{"start":{"line":48,"column":8},"end":{"line":53,"column":9}},"type":"if","locations":[{"start":{"line":48,"column":8},"end":{"line":53,"column":9}},{"start":{},"end":{}}],"line":48}},"s":{"0":1,"1":1,"2":1,"3":6,"4":6,"5":6,"6":1,"7":5,"8":5,"9":1,"10":4,"11":4,"12":1,"13":1,"14":1,"15":1,"16":3,"17":1,"18":2,"19":1,"20":1,"21":1},"f":{"0":6},"b":{"0":[1,1],"1":[1,5],"2":[1,4],"3":[5,5],"4":[1,0],"5":[1,0],"6":[1,2],"7":[1,1]},"_coverageSchema":"1a1c01bbd47fc00a2c39e90264f33305004495a9","hash":"864a347827899938ed64db7609b61001ab3112aa"}
}
