TN:
SF:server.js
FN:31,(anonymous_0)
FN:48,(anonymous_1)
FN:57,(anonymous_2)
FN:61,(anonymous_3)
FN:82,(anonymous_4)
FN:87,(anonymous_5)
FN:91,(anonymous_6)
FN:122,(anonymous_7)
FN:128,(anonymous_8)
FN:131,(anonymous_9)
FN:165,(anonymous_10)
FN:172,(anonymous_11)
FN:183,(anonymous_12)
FN:192,(anonymous_13)
FN:195,(anonymous_14)
FN:204,generateRequestId
FNF:16
FNH:11
FNDA:6,(anonymous_0)
FNDA:1,(anonymous_1)
FNDA:0,(anonymous_2)
FNDA:0,(anonymous_3)
FNDA:1,(anonymous_4)
FNDA:4,(anonymous_5)
FNDA:4,(anonymous_6)
FNDA:1,(anonymous_7)
FNDA:1,(anonymous_8)
FNDA:1,(anonymous_9)
FNDA:1,(anonymous_10)
FNDA:2,(anonymous_11)
FNDA:0,(anonymous_12)
FNDA:0,(anonymous_13)
FNDA:0,(anonymous_14)
FNDA:1,generateRequestId
DA:1,1
DA:2,1
DA:3,1
DA:4,1
DA:5,1
DA:6,1
DA:7,1
DA:8,1
DA:10,1
DA:26,1
DA:27,1
DA:29,1
DA:30,1
DA:31,6
DA:35,1
DA:36,1
DA:43,1
DA:45,0
DA:48,1
DA:49,1
DA:57,1
DA:58,0
DA:61,1
DA:62,0
DA:65,1
DA:66,1
DA:67,1
DA:69,1
DA:76,1
DA:82,1
DA:83,1
DA:84,1
DA:87,1
DA:88,4
DA:90,4
DA:91,4
DA:92,4
DA:93,4
DA:94,4
DA:96,4
DA:102,4
DA:108,4
DA:111,1
DA:113,1
DA:114,1
DA:115,1
DA:117,1
DA:124,1
DA:125,1
DA:126,1
DA:129,1
DA:132,1
DA:133,1
DA:140,1
DA:145,1
DA:150,1
DA:155,1
DA:160,1
DA:165,1
DA:166,1
DA:172,1
DA:173,2
DA:174,2
DA:182,1
DA:183,0
DA:184,0
DA:185,0
DA:186,0
DA:187,0
DA:188,0
DA:192,1
DA:193,0
DA:194,0
DA:195,0
DA:196,0
DA:197,0
DA:200,0
DA:205,1
DA:208,1
LF:79
LH:64
BRDA:27,0,0,1
BRDA:27,0,1,1
BRDA:35,1,0,1
BRDA:35,1,1,0
BRDA:35,2,0,1
BRDA:35,2,1,1
BRDA:37,3,0,1
BRDA:37,3,1,1
BRDA:38,4,0,1
BRDA:38,4,1,1
BRDA:88,5,0,0
BRDA:88,5,1,4
BRDA:113,6,0,1
BRDA:113,6,1,1
BRDA:114,7,0,1
BRDA:114,7,1,1
BRDA:115,8,0,1
BRDA:115,8,1,1
BRDA:121,9,0,1
BRDA:121,9,1,1
BRDA:122,10,0,1
BRDA:122,10,1,1
BRDA:124,11,0,1
BRDA:124,11,1,1
BRDA:174,12,0,2
BRDA:174,12,1,1
BRDA:176,13,0,1
BRDA:176,13,1,1
BRDA:182,14,0,0
BRDA:182,14,1,1
BRDA:185,15,0,0
BRDA:185,15,1,0
BRDA:194,16,0,0
BRDA:194,16,1,0
BRF:34
BRH:27
end_of_record
TN:
SF:middleware\auth.js
FN:6,(anonymous_0)
FNF:1
FNH:1
FNDA:6,(anonymous_0)
DA:1,1
DA:4,1
DA:6,1
DA:7,6
DA:8,6
DA:10,6
DA:11,1
DA:17,5
DA:19,5
DA:20,1
DA:26,4
DA:28,4
DA:30,1
DA:36,1
DA:37,1
DA:39,1
DA:41,3
DA:42,1
DA:48,2
DA:49,1
DA:55,1
DA:62,1
LF:22
LH:22
BRDA:4,0,0,1
BRDA:4,0,1,1
BRDA:10,1,0,1
BRDA:10,1,1,5
BRDA:19,2,0,1
BRDA:19,2,1,4
BRDA:19,3,0,5
BRDA:19,3,1,5
BRDA:31,4,0,1
BRDA:31,4,1,0
BRDA:33,5,0,1
BRDA:33,5,1,0
BRDA:41,6,0,1
BRDA:41,6,1,2
BRDA:48,7,0,1
BRDA:48,7,1,1
BRF:16
BRH:14
end_of_record
